{
  "stats": {
    "suites": 1,
    "tests": 10,
    "passes": 10,
    "pending": 0,
    "failures": 0,
    "start": "2018-04-21T23:30:04.233Z",
    "end": "2018-04-21T23:30:04.379Z",
    "duration": 146,
    "testsRegistered": 10,
    "passPercent": 100,
    "pendingPercent": 0,
    "other": 0,
    "hasOther": false,
    "skipped": 0,
    "hasSkipped": false,
    "passPercentClass": "success",
    "pendingPercentClass": "danger"
  },
  "suites": {
    "uuid": "e2a2bbe9-b103-4124-9ade-5f9d9d2ec5fd",
    "title": "",
    "fullFile": "",
    "file": "",
    "beforeHooks": [],
    "afterHooks": [],
    "tests": [],
    "suites": [
      {
        "uuid": "8d4466c2-c21d-4e7b-bb77-9667d1b72723",
        "title": "test local server",
        "fullFile": "/Users/genezhang/Documents/codes/Shopping-Website/test/testLocalServer.js",
        "file": "/test/testLocalServer.js",
        "beforeHooks": [],
        "afterHooks": [],
        "tests": [
          {
            "title": "expected to return 200 status code and information of all users in database",
            "fullTitle": "test local server expected to return 200 status code and information of all users in database",
            "timedOut": false,
            "duration": 42,
            "state": "passed",
            "speed": "medium",
            "pass": true,
            "fail": false,
            "pending": false,
            "code": "chai.request(url)\n  .get('/get-users')\n  .end(function (err, res) {\n    expect(res).to.have.status(200);\n    done();\n  });",
            "err": {},
            "isRoot": false,
            "uuid": "80a1126c-e37b-4d81-aacc-ba7f4b11b3c2",
            "isHook": false,
            "skipped": false
          },
          {
            "title": "expected to return 200 status code and information of all users in database",
            "fullTitle": "test local server expected to return 200 status code and information of all users in database",
            "timedOut": false,
            "duration": 12,
            "state": "passed",
            "speed": "fast",
            "pass": true,
            "fail": false,
            "pending": false,
            "code": "chai.request(url)\n  .get('/get-users')\n  .type('form')\n  .end(function (err, res) {\n    expect(res).to.have.status(200);\n    done();\n  });",
            "err": {},
            "isRoot": false,
            "uuid": "f307bc3b-753f-4796-aa06-1900a01294c9",
            "isHook": false,
            "skipped": false
          },
          {
            "title": "expected to return 404 status code if wrong api url",
            "fullTitle": "test local server expected to return 404 status code if wrong api url",
            "timedOut": false,
            "duration": 4,
            "state": "passed",
            "speed": "fast",
            "pass": true,
            "fail": false,
            "pending": false,
            "code": "chai.request(url)\n  .get('/get-user')\n  .end(function (err, res) {\n    expect(res).to.have.status(404);\n    done();\n  });",
            "err": {},
            "isRoot": false,
            "uuid": "39910a5d-4d00-4379-9ef7-61da07c0b951",
            "isHook": false,
            "skipped": false
          },
          {
            "title": "expected to return 201 status code and the inserted user",
            "fullTitle": "test local server expected to return 201 status code and the inserted user",
            "timedOut": false,
            "duration": 10,
            "state": "passed",
            "speed": "fast",
            "pass": true,
            "fail": false,
            "pending": false,
            "code": "chai.request(url)\n  .post('/register-users')\n  .type('form')\n  .set('content-type', 'application/x-www-form-urlencoded')\n  .send({email: \"testing@gmail.com\", first_name: \"post\", last_name: \"hihi\", password: \"123456\"})\n  .end(function (err, res) {\n    expect(res).to.have.status(201);\n    done();\n  });",
            "err": {},
            "isRoot": false,
            "uuid": "d8bbba9e-83d7-4d69-b163-8787af8fb5fb",
            "isHook": false,
            "skipped": false
          },
          {
            "title": "extected to return 404 if http method was wrong, no corresponding router",
            "fullTitle": "test local server extected to return 404 if http method was wrong, no corresponding router",
            "timedOut": false,
            "duration": 5,
            "state": "passed",
            "speed": "fast",
            "pass": true,
            "fail": false,
            "pending": false,
            "code": "chai.request(url)\n  .get('/register-users')\n  .send({email: \"testing@gmail.com\", first_name: \"post\", last_name: \"hihi\", password: \"123456\"})\n  .end(function (err, res) {\n    expect(res).to.have.status(404);\n    done();\n  });",
            "err": {},
            "isRoot": false,
            "uuid": "9ec3c914-be3f-460e-9aca-d1c7bafa1b09",
            "isHook": false,
            "skipped": false
          },
          {
            "title": "expected to return 200 status code and information of all products in database",
            "fullTitle": "test local server expected to return 200 status code and information of all products in database",
            "timedOut": false,
            "duration": 15,
            "state": "passed",
            "speed": "fast",
            "pass": true,
            "fail": false,
            "pending": false,
            "code": "chai.request(url)\n  .get('/get-products')\n  .end(function (err, res) {\n    expect(res).to.have.status(200);\n    done();\n  });",
            "err": {},
            "isRoot": false,
            "uuid": "f967f5e5-e030-486c-8333-760cd2120da4",
            "isHook": false,
            "skipped": false
          },
          {
            "title": "expected to return 200 status code and information of 6 products in database",
            "fullTitle": "test local server expected to return 200 status code and information of 6 products in database",
            "timedOut": false,
            "duration": 10,
            "state": "passed",
            "speed": "fast",
            "pass": true,
            "fail": false,
            "pending": false,
            "code": "chai.request(url)\n  .get('/get-products')\n  .end(function (err, res, body) {\n\t\t\tres.on('data', function (chunk) {\n\t\texpect(data).to.have.lengthOf(6);\n\t\tconsole.log(data);\n  \t\t});\n    done();\n  });",
            "err": {},
            "isRoot": false,
            "uuid": "31c593b3-af9d-4f56-be83-f2f01e461877",
            "isHook": false,
            "skipped": false
          },
          {
            "title": "expected to return 200 status code and information of 0 orders in database",
            "fullTitle": "test local server expected to return 200 status code and information of 0 orders in database",
            "timedOut": false,
            "duration": 8,
            "state": "passed",
            "speed": "fast",
            "pass": true,
            "fail": false,
            "pending": false,
            "code": "chai.request(url)\n  .get('/get-orders')\n  .end(function (err, res, body) {\n\t\t\tres.on('data', function (chunk) {\n\t\texpect(data).to.be.an('object').that.is.empty;\n\t\tconsole.log(data);\n  \t\t});\n    done();\n  });",
            "err": {},
            "isRoot": false,
            "uuid": "06cc4427-264e-489c-9f25-38a52d850c2e",
            "isHook": false,
            "skipped": false
          },
          {
            "title": "expected to return 201 status code",
            "fullTitle": "test local server expected to return 201 status code",
            "timedOut": false,
            "duration": 5,
            "state": "passed",
            "speed": "fast",
            "pass": true,
            "fail": false,
            "pending": false,
            "code": "chai.request(url)\n  .post('/get-orders')\n  .type('form')\n  .send({email: \"testing@gmail.com\", first_name: \"post\", last_name: \"hihi\", password: \"123456\"})\n  .end(function (err, res) {\n    expect(res).to.have.status(201);\n    done();\n  });",
            "err": {},
            "isRoot": false,
            "uuid": "3c7899a1-87c6-4520-89fb-6a045d283699",
            "isHook": false,
            "skipped": false
          },
          {
            "title": "expected to return 400 status code",
            "fullTitle": "test local server expected to return 400 status code",
            "timedOut": false,
            "duration": 13,
            "state": "passed",
            "speed": "fast",
            "pass": true,
            "fail": false,
            "pending": false,
            "code": "chai.request(url)\n  .post('/register-users')\n  .type('form')\n  .send({email: \"testing@gmail.com\", first_name: \"post\",  password: \"123456\"})\n  .end(function (err, res) {\n    expect(res).to.have.status(400);\n    done();\n  });",
            "err": {},
            "isRoot": false,
            "uuid": "e4fd451a-36a0-47c3-8ea7-021becede426",
            "isHook": false,
            "skipped": false
          }
        ],
        "suites": [],
        "passes": [
          "80a1126c-e37b-4d81-aacc-ba7f4b11b3c2",
          "f307bc3b-753f-4796-aa06-1900a01294c9",
          "39910a5d-4d00-4379-9ef7-61da07c0b951",
          "d8bbba9e-83d7-4d69-b163-8787af8fb5fb",
          "9ec3c914-be3f-460e-9aca-d1c7bafa1b09",
          "f967f5e5-e030-486c-8333-760cd2120da4",
          "31c593b3-af9d-4f56-be83-f2f01e461877",
          "06cc4427-264e-489c-9f25-38a52d850c2e",
          "3c7899a1-87c6-4520-89fb-6a045d283699",
          "e4fd451a-36a0-47c3-8ea7-021becede426"
        ],
        "failures": [],
        "pending": [],
        "skipped": [],
        "duration": 124,
        "root": false,
        "rootEmpty": false,
        "_timeout": 2000
      }
    ],
    "passes": [],
    "failures": [],
    "pending": [],
    "skipped": [],
    "duration": 0,
    "root": true,
    "rootEmpty": true,
    "_timeout": 2000
  },
  "copyrightYear": 2018
}