{
  "stats": {
    "suites": 1,
    "tests": 4,
    "passes": 4,
    "pending": 0,
    "failures": 0,
    "start": "2018-04-21T05:09:54.387Z",
    "end": "2018-04-21T05:09:54.467Z",
    "duration": 80,
    "testsRegistered": 4,
    "passPercent": 100,
    "pendingPercent": 0,
    "other": 0,
    "hasOther": false,
    "skipped": 0,
    "hasSkipped": false,
    "passPercentClass": "success",
    "pendingPercentClass": "danger"
  },
  "suites": {
    "uuid": "9d22ed36-0bcc-45b6-b527-6d3b18717a01",
    "title": "",
    "fullFile": "",
    "file": "",
    "beforeHooks": [],
    "afterHooks": [],
    "tests": [],
    "suites": [
      {
        "uuid": "003380bf-9ce7-4c64-8e01-6af47ad4dad4",
        "title": "test local server",
        "fullFile": "/Users/genezhang/Documents/codes/Shopping-Website/test/testLocalServer.js",
        "file": "/test/testLocalServer.js",
        "beforeHooks": [],
        "afterHooks": [],
        "tests": [
          {
            "title": "expected to return return 200 status code and information of all users in database",
            "fullTitle": "test local server expected to return return 200 status code and information of all users in database",
            "timedOut": false,
            "duration": 40,
            "state": "passed",
            "speed": "medium",
            "pass": true,
            "fail": false,
            "pending": false,
            "code": "chai.request(url)\n  .get('/get-users')\n  .end(function (err, res) {\n    expect(res).to.have.status(200);\n    done();\n  });",
            "err": {},
            "isRoot": false,
            "uuid": "d4e137b8-8e12-4b2c-ab96-f24363265099",
            "isHook": false,
            "skipped": false
          },
          {
            "title": "expected to return 404 status code if wrong api url",
            "fullTitle": "test local server expected to return 404 status code if wrong api url",
            "timedOut": false,
            "duration": 7,
            "state": "passed",
            "speed": "fast",
            "pass": true,
            "fail": false,
            "pending": false,
            "code": "chai.request(url)\n  .get('/get-user')\n  .end(function (err, res) {\n    expect(res).to.have.status(404);\n    done();\n  });",
            "err": {},
            "isRoot": false,
            "uuid": "92839917-eb1f-4ba8-a1f3-805f4b84265d",
            "isHook": false,
            "skipped": false
          },
          {
            "title": "expected to return 201 status code and the inserted user",
            "fullTitle": "test local server expected to return 201 status code and the inserted user",
            "timedOut": false,
            "duration": 11,
            "state": "passed",
            "speed": "fast",
            "pass": true,
            "fail": false,
            "pending": false,
            "code": "chai.request(url)\n  .post('/register-users')\n  .type('form')\n  .send({email: \"testing@gmail.com\", first_name: \"post\", last_name: \"hihi\", password: \"123456\"})\n  .end(function (err, res) {\n    expect(res).to.have.status(201);\n    done();\n  });",
            "err": {},
            "isRoot": false,
            "uuid": "eae4e183-0558-4944-a907-d6db75339720",
            "isHook": false,
            "skipped": false
          },
          {
            "title": "extected to return 404 if http method was wrong, no corresponding router",
            "fullTitle": "test local server extected to return 404 if http method was wrong, no corresponding router",
            "timedOut": false,
            "duration": 4,
            "state": "passed",
            "speed": "fast",
            "pass": true,
            "fail": false,
            "pending": false,
            "code": "chai.request(url)\n  .get('/register-users')\n  .send({email: \"testing@gmail.com\", first_name: \"post\", last_name: \"hihi\", password: \"123456\"})\n  .end(function (err, res) {\n    expect(res).to.have.status(404);\n    done();\n  });",
            "err": {},
            "isRoot": false,
            "uuid": "8f4e1abc-03d7-420d-bcb1-b867c190d12f",
            "isHook": false,
            "skipped": false
          }
        ],
        "suites": [],
        "passes": [
          "d4e137b8-8e12-4b2c-ab96-f24363265099",
          "92839917-eb1f-4ba8-a1f3-805f4b84265d",
          "eae4e183-0558-4944-a907-d6db75339720",
          "8f4e1abc-03d7-420d-bcb1-b867c190d12f"
        ],
        "failures": [],
        "pending": [],
        "skipped": [],
        "duration": 62,
        "root": false,
        "rootEmpty": false,
        "_timeout": 2000
      }
    ],
    "passes": [],
    "failures": [],
    "pending": [],
    "skipped": [],
    "duration": 0,
    "root": true,
    "rootEmpty": true,
    "_timeout": 2000
  },
  "copyrightYear": 2018
}